<?xml version="1.0" encoding="UTF-8"?>
<!-- Generated by org.testng.reporters.JUnitReportReporter -->
<testsuite hostname="GN2LADTR911QVCS" failures="0" tests="1" name="testBase.TC_001AccountRegistrationTC" time="5.712" errors="0" timestamp="2024-08-12T12:08:11 IST" skipped="0">
  <testcase classname="testBase.TC_001AccountRegistrationTC" name="verify_Account_Registration" time="5.712"/>
</testsuite> <!-- testBase.TC_001AccountRegistrationTC -->
