<?xml version="1.0" encoding="UTF-8"?>
<!-- Generated by org.testng.reporters.JUnitReportReporter -->
<testsuite hostname="GN2LADTR911QVCS" failures="0" tests="1" name="testCase.TC_001AccountRegistrationTC" time="5.770" errors="0" timestamp="2024-08-16T15:50:06 IST" skipped="0">
  <testcase classname="testCase.TC_001AccountRegistrationTC" name="verify_Account_Registration" time="5.770"/>
</testsuite> <!-- testCase.TC_001AccountRegistrationTC -->
